<?xml version="1.0" encoding="UTF-8"?>
<testsuite xmlns:xsi="http://www.w3.org/2001/XMLSchema-instance" xsi:noNamespaceSchemaLocation="https://maven.apache.org/surefire/maven-surefire-plugin/xsd/surefire-test-report.xsd" name="com.housservice.housstock.HousstockApplicationTests" time="3.558" tests="1" errors="0" skipped="0" failures="0">
  <properties>
    <property name="sun.desktop" value="windows"/>
    <property name="awt.toolkit" value="sun.awt.windows.WToolkit"/>
    <property name="java.specification.version" value="11"/>
    <property name="sun.cpu.isalist" value="amd64"/>
    <property name="sun.jnu.encoding" value="Cp1252"/>
    <property name="java.class.path" value="C:\Gitlab-webapplication\housstock-backend\target\test-classes;C:\Gitlab-webapplication\housstock-backend\target\classes;C:\Workspace\maven_repository\org\springframework\boot\spring-boot-starter-data-mongodb\2.3.5.RELEASE\spring-boot-starter-data-mongodb-2.3.5.RELEASE.jar;C:\Workspace\maven_repository\org\springframework\boot\spring-boot-starter\2.3.5.RELEASE\spring-boot-starter-2.3.5.RELEASE.jar;C:\Workspace\maven_repository\org\springframework\boot\spring-boot\2.3.5.RELEASE\spring-boot-2.3.5.RELEASE.jar;C:\Workspace\maven_repository\org\springframework\boot\spring-boot-autoconfigure\2.3.5.RELEASE\spring-boot-autoconfigure-2.3.5.RELEASE.jar;C:\Workspace\maven_repository\org\springframework\boot\spring-boot-starter-logging\2.3.5.RELEASE\spring-boot-starter-logging-2.3.5.RELEASE.jar;C:\Workspace\maven_repository\ch\qos\logback\logback-classic\1.2.3\logback-classic-1.2.3.jar;C:\Workspace\maven_repository\ch\qos\logback\logback-core\1.2.3\logback-core-1.2.3.jar;C:\Workspace\maven_repository\org\apache\logging\log4j\log4j-to-slf4j\2.13.3\log4j-to-slf4j-2.13.3.jar;C:\Workspace\maven_repository\org\apache\logging\log4j\log4j-api\2.13.3\log4j-api-2.13.3.jar;C:\Workspace\maven_repository\org\slf4j\jul-to-slf4j\1.7.30\jul-to-slf4j-1.7.30.jar;C:\Workspace\maven_repository\jakarta\annotation\jakarta.annotation-api\1.3.5\jakarta.annotation-api-1.3.5.jar;C:\Workspace\maven_repository\org\yaml\snakeyaml\1.26\snakeyaml-1.26.jar;C:\Workspace\maven_repository\org\mongodb\mongodb-driver-sync\4.0.5\mongodb-driver-sync-4.0.5.jar;C:\Workspace\maven_repository\org\mongodb\bson\4.0.5\bson-4.0.5.jar;C:\Workspace\maven_repository\org\mongodb\mongodb-driver-core\4.0.5\mongodb-driver-core-4.0.5.jar;C:\Workspace\maven_repository\org\springframework\data\spring-data-mongodb\3.0.5.RELEASE\spring-data-mongodb-3.0.5.RELEASE.jar;C:\Workspace\maven_repository\org\springframework\spring-tx\5.2.10.RELEASE\spring-tx-5.2.10.RELEASE.jar;C:\Workspace\maven_repository\org\springframework\data\spring-data-commons\2.3.5.RELEASE\spring-data-commons-2.3.5.RELEASE.jar;C:\Workspace\maven_repository\org\springframework\boot\spring-boot-starter-web\2.3.5.RELEASE\spring-boot-starter-web-2.3.5.RELEASE.jar;C:\Workspace\maven_repository\org\springframework\boot\spring-boot-starter-json\2.3.5.RELEASE\spring-boot-starter-json-2.3.5.RELEASE.jar;C:\Workspace\maven_repository\com\fasterxml\jackson\datatype\jackson-datatype-jdk8\2.11.3\jackson-datatype-jdk8-2.11.3.jar;C:\Workspace\maven_repository\com\fasterxml\jackson\datatype\jackson-datatype-jsr310\2.11.3\jackson-datatype-jsr310-2.11.3.jar;C:\Workspace\maven_repository\com\fasterxml\jackson\module\jackson-module-parameter-names\2.11.3\jackson-module-parameter-names-2.11.3.jar;C:\Workspace\maven_repository\org\springframework\boot\spring-boot-starter-tomcat\2.3.5.RELEASE\spring-boot-starter-tomcat-2.3.5.RELEASE.jar;C:\Workspace\maven_repository\org\apache\tomcat\embed\tomcat-embed-core\9.0.39\tomcat-embed-core-9.0.39.jar;C:\Workspace\maven_repository\org\apache\tomcat\embed\tomcat-embed-websocket\9.0.39\tomcat-embed-websocket-9.0.39.jar;C:\Workspace\maven_repository\org\springframework\spring-web\5.2.10.RELEASE\spring-web-5.2.10.RELEASE.jar;C:\Workspace\maven_repository\org\springframework\spring-webmvc\5.2.10.RELEASE\spring-webmvc-5.2.10.RELEASE.jar;C:\Workspace\maven_repository\org\mapstruct\mapstruct\1.4.1.Final\mapstruct-1.4.1.Final.jar;C:\Workspace\maven_repository\org\projectlombok\lombok\1.18.16\lombok-1.18.16.jar;C:\Workspace\maven_repository\org\apache\httpcomponents\httpclient\4.5.13\httpclient-4.5.13.jar;C:\Workspace\maven_repository\org\apache\httpcomponents\httpcore\4.4.13\httpcore-4.4.13.jar;C:\Workspace\maven_repository\commons-codec\commons-codec\1.14\commons-codec-1.14.jar;C:\Workspace\maven_repository\org\springframework\boot\spring-boot-starter-test\2.3.5.RELEASE\spring-boot-starter-test-2.3.5.RELEASE.jar;C:\Workspace\maven_repository\org\springframework\boot\spring-boot-test\2.3.5.RELEASE\spring-boot-test-2.3.5.RELEASE.jar;C:\Workspace\maven_repository\org\springframework\boot\spring-boot-test-autoconfigure\2.3.5.RELEASE\spring-boot-test-autoconfigure-2.3.5.RELEASE.jar;C:\Workspace\maven_repository\com\jayway\jsonpath\json-path\2.4.0\json-path-2.4.0.jar;C:\Workspace\maven_repository\net\minidev\json-smart\2.3\json-smart-2.3.jar;C:\Workspace\maven_repository\net\minidev\accessors-smart\1.2\accessors-smart-1.2.jar;C:\Workspace\maven_repository\org\ow2\asm\asm\5.0.4\asm-5.0.4.jar;C:\Workspace\maven_repository\jakarta\xml\bind\jakarta.xml.bind-api\2.3.3\jakarta.xml.bind-api-2.3.3.jar;C:\Workspace\maven_repository\jakarta\activation\jakarta.activation-api\1.2.2\jakarta.activation-api-1.2.2.jar;C:\Workspace\maven_repository\org\assertj\assertj-core\3.16.1\assertj-core-3.16.1.jar;C:\Workspace\maven_repository\org\hamcrest\hamcrest\2.2\hamcrest-2.2.jar;C:\Workspace\maven_repository\org\junit\jupiter\junit-jupiter\5.6.3\junit-jupiter-5.6.3.jar;C:\Workspace\maven_repository\org\junit\jupiter\junit-jupiter-api\5.6.3\junit-jupiter-api-5.6.3.jar;C:\Workspace\maven_repository\org\apiguardian\apiguardian-api\1.1.0\apiguardian-api-1.1.0.jar;C:\Workspace\maven_repository\org\opentest4j\opentest4j\1.2.0\opentest4j-1.2.0.jar;C:\Workspace\maven_repository\org\junit\platform\junit-platform-commons\1.6.3\junit-platform-commons-1.6.3.jar;C:\Workspace\maven_repository\org\junit\jupiter\junit-jupiter-params\5.6.3\junit-jupiter-params-5.6.3.jar;C:\Workspace\maven_repository\org\junit\jupiter\junit-jupiter-engine\5.6.3\junit-jupiter-engine-5.6.3.jar;C:\Workspace\maven_repository\org\junit\platform\junit-platform-engine\1.6.3\junit-platform-engine-1.6.3.jar;C:\Workspace\maven_repository\org\mockito\mockito-core\3.3.3\mockito-core-3.3.3.jar;C:\Workspace\maven_repository\net\bytebuddy\byte-buddy\1.10.17\byte-buddy-1.10.17.jar;C:\Workspace\maven_repository\net\bytebuddy\byte-buddy-agent\1.10.17\byte-buddy-agent-1.10.17.jar;C:\Workspace\maven_repository\org\objenesis\objenesis\2.6\objenesis-2.6.jar;C:\Workspace\maven_repository\org\mockito\mockito-junit-jupiter\3.3.3\mockito-junit-jupiter-3.3.3.jar;C:\Workspace\maven_repository\org\skyscreamer\jsonassert\1.5.0\jsonassert-1.5.0.jar;C:\Workspace\maven_repository\com\vaadin\external\google\android-json\0.0.20131108.vaadin1\android-json-0.0.20131108.vaadin1.jar;C:\Workspace\maven_repository\org\springframework\spring-core\5.2.10.RELEASE\spring-core-5.2.10.RELEASE.jar;C:\Workspace\maven_repository\org\springframework\spring-jcl\5.2.10.RELEASE\spring-jcl-5.2.10.RELEASE.jar;C:\Workspace\maven_repository\org\springframework\spring-test\5.2.10.RELEASE\spring-test-5.2.10.RELEASE.jar;C:\Workspace\maven_repository\org\xmlunit\xmlunit-core\2.7.0\xmlunit-core-2.7.0.jar;C:\Workspace\maven_repository\org\json\json\20220924\json-20220924.jar;C:\Workspace\maven_repository\org\springframework\security\spring-security-core\5.7.3\spring-security-core-5.7.3.jar;C:\Workspace\maven_repository\org\springframework\security\spring-security-crypto\5.3.5.RELEASE\spring-security-crypto-5.3.5.RELEASE.jar;C:\Workspace\maven_repository\org\springframework\spring-aop\5.2.10.RELEASE\spring-aop-5.2.10.RELEASE.jar;C:\Workspace\maven_repository\org\springframework\spring-beans\5.2.10.RELEASE\spring-beans-5.2.10.RELEASE.jar;C:\Workspace\maven_repository\org\springframework\spring-context\5.2.10.RELEASE\spring-context-5.2.10.RELEASE.jar;C:\Workspace\maven_repository\org\springframework\spring-expression\5.2.10.RELEASE\spring-expression-5.2.10.RELEASE.jar;C:\Workspace\maven_repository\com\github\javafaker\javafaker\1.0.2\javafaker-1.0.2.jar;C:\Workspace\maven_repository\org\yaml\snakeyaml\1.23\snakeyaml-1.23-android.jar;C:\Workspace\maven_repository\com\github\mifmif\generex\1.0.2\generex-1.0.2.jar;C:\Workspace\maven_repository\dk\brics\automaton\automaton\1.11-8\automaton-1.11-8.jar;C:\Workspace\maven_repository\javax\validation\validation-api\2.0.1.Final\validation-api-2.0.1.Final.jar;C:\Workspace\maven_repository\org\hibernate\validator\hibernate-validator\6.0.10.Final\hibernate-validator-6.0.10.Final.jar;C:\Workspace\maven_repository\org\jboss\logging\jboss-logging\3.4.1.Final\jboss-logging-3.4.1.Final.jar;C:\Workspace\maven_repository\com\fasterxml\classmate\1.5.1\classmate-1.5.1.jar;C:\Workspace\maven_repository\org\springframework\boot\spring-boot-starter-validation\2.3.5.RELEASE\spring-boot-starter-validation-2.3.5.RELEASE.jar;C:\Workspace\maven_repository\org\glassfish\jakarta.el\3.0.3\jakarta.el-3.0.3.jar;C:\Workspace\maven_repository\org\apache\commons\commons-lang3\3.12.0\commons-lang3-3.12.0.jar;C:\Workspace\maven_repository\io\springfox\springfox-swagger2\2.7.0\springfox-swagger2-2.7.0.jar;C:\Workspace\maven_repository\io\swagger\swagger-annotations\1.5.13\swagger-annotations-1.5.13.jar;C:\Workspace\maven_repository\io\swagger\swagger-models\1.5.13\swagger-models-1.5.13.jar;C:\Workspace\maven_repository\io\springfox\springfox-spi\2.7.0\springfox-spi-2.7.0.jar;C:\Workspace\maven_repository\io\springfox\springfox-core\2.7.0\springfox-core-2.7.0.jar;C:\Workspace\maven_repository\io\springfox\springfox-schema\2.7.0\springfox-schema-2.7.0.jar;C:\Workspace\maven_repository\io\springfox\springfox-swagger-common\2.7.0\springfox-swagger-common-2.7.0.jar;C:\Workspace\maven_repository\io\springfox\springfox-spring-web\2.7.0\springfox-spring-web-2.7.0.jar;C:\Workspace\maven_repository\org\reflections\reflections\0.9.11\reflections-0.9.11.jar;C:\Workspace\maven_repository\org\javassist\javassist\3.21.0-GA\javassist-3.21.0-GA.jar;C:\Workspace\maven_repository\com\google\guava\guava\18.0\guava-18.0.jar;C:\Workspace\maven_repository\org\slf4j\slf4j-api\1.7.30\slf4j-api-1.7.30.jar;C:\Workspace\maven_repository\org\springframework\plugin\spring-plugin-core\1.2.0.RELEASE\spring-plugin-core-1.2.0.RELEASE.jar;C:\Workspace\maven_repository\org\springframework\plugin\spring-plugin-metadata\1.2.0.RELEASE\spring-plugin-metadata-1.2.0.RELEASE.jar;C:\Workspace\maven_repository\io\springfox\springfox-swagger-ui\2.7.0\springfox-swagger-ui-2.7.0.jar;C:\Workspace\maven_repository\jakarta\persistence\jakarta.persistence-api\3.1.0\jakarta.persistence-api-3.1.0.jar;C:\Workspace\maven_repository\com\auth0\java-jwt\4.2.1\java-jwt-4.2.1.jar;C:\Workspace\maven_repository\org\springframework\boot\spring-boot-starter-security\2.3.5.RELEASE\spring-boot-starter-security-2.3.5.RELEASE.jar;C:\Workspace\maven_repository\org\springframework\security\spring-security-config\5.3.5.RELEASE\spring-security-config-5.3.5.RELEASE.jar;C:\Workspace\maven_repository\org\springframework\security\spring-security-web\5.3.5.RELEASE\spring-security-web-5.3.5.RELEASE.jar;C:\Workspace\maven_repository\org\apache\poi\poi-ooxml\4.1.2\poi-ooxml-4.1.2.jar;C:\Workspace\maven_repository\org\apache\poi\poi\4.1.2\poi-4.1.2.jar;C:\Workspace\maven_repository\org\apache\commons\commons-collections4\4.4\commons-collections4-4.4.jar;C:\Workspace\maven_repository\org\apache\commons\commons-math3\3.6.1\commons-math3-3.6.1.jar;C:\Workspace\maven_repository\com\zaxxer\SparseBitSet\1.2\SparseBitSet-1.2.jar;C:\Workspace\maven_repository\org\apache\poi\poi-ooxml-schemas\4.1.2\poi-ooxml-schemas-4.1.2.jar;C:\Workspace\maven_repository\org\apache\xmlbeans\xmlbeans\3.1.0\xmlbeans-3.1.0.jar;C:\Workspace\maven_repository\org\apache\commons\commons-compress\1.19\commons-compress-1.19.jar;C:\Workspace\maven_repository\com\github\virtuald\curvesapi\1.06\curvesapi-1.06.jar;C:\Workspace\maven_repository\com\fasterxml\jackson\core\jackson-databind\2.11.1\jackson-databind-2.11.1.jar;C:\Workspace\maven_repository\com\fasterxml\jackson\core\jackson-annotations\2.11.3\jackson-annotations-2.11.3.jar;C:\Workspace\maven_repository\com\fasterxml\jackson\core\jackson-core\2.11.3\jackson-core-2.11.3.jar;"/>
    <property name="java.vm.vendor" value="Oracle Corporation"/>
    <property name="sun.arch.data.model" value="64"/>
    <property name="user.variant" value=""/>
    <property name="java.vendor.url" value="https://openjdk.java.net/"/>
    <property name="user.timezone" value="GMT+01:00"/>
    <property name="java.vm.specification.version" value="11"/>
    <property name="os.name" value="Windows 10"/>
    <property name="sun.java.launcher" value="SUN_STANDARD"/>
    <property name="user.country" value="FR"/>
    <property name="sun.boot.library.path" value="C:\Program Files\Java\jdk-11.0.12\bin"/>
    <property name="sun.java.command" value="C:\Users\IRIS\AppData\Local\Temp\surefire6189450203269570599\surefirebooter13216382805565583343.jar C:\Users\IRIS\AppData\Local\Temp\surefire6189450203269570599 2023-04-13T12-20-34_285-jvmRun1 surefire13364928050948102443tmp surefire_016147859749970159980tmp"/>
    <property name="jdk.debug" value="release"/>
    <property name="surefire.test.class.path" value="C:\Gitlab-webapplication\housstock-backend\target\test-classes;C:\Gitlab-webapplication\housstock-backend\target\classes;C:\Workspace\maven_repository\org\springframework\boot\spring-boot-starter-data-mongodb\2.3.5.RELEASE\spring-boot-starter-data-mongodb-2.3.5.RELEASE.jar;C:\Workspace\maven_repository\org\springframework\boot\spring-boot-starter\2.3.5.RELEASE\spring-boot-starter-2.3.5.RELEASE.jar;C:\Workspace\maven_repository\org\springframework\boot\spring-boot\2.3.5.RELEASE\spring-boot-2.3.5.RELEASE.jar;C:\Workspace\maven_repository\org\springframework\boot\spring-boot-autoconfigure\2.3.5.RELEASE\spring-boot-autoconfigure-2.3.5.RELEASE.jar;C:\Workspace\maven_repository\org\springframework\boot\spring-boot-starter-logging\2.3.5.RELEASE\spring-boot-starter-logging-2.3.5.RELEASE.jar;C:\Workspace\maven_repository\ch\qos\logback\logback-classic\1.2.3\logback-classic-1.2.3.jar;C:\Workspace\maven_repository\ch\qos\logback\logback-core\1.2.3\logback-core-1.2.3.jar;C:\Workspace\maven_repository\org\apache\logging\log4j\log4j-to-slf4j\2.13.3\log4j-to-slf4j-2.13.3.jar;C:\Workspace\maven_repository\org\apache\logging\log4j\log4j-api\2.13.3\log4j-api-2.13.3.jar;C:\Workspace\maven_repository\org\slf4j\jul-to-slf4j\1.7.30\jul-to-slf4j-1.7.30.jar;C:\Workspace\maven_repository\jakarta\annotation\jakarta.annotation-api\1.3.5\jakarta.annotation-api-1.3.5.jar;C:\Workspace\maven_repository\org\yaml\snakeyaml\1.26\snakeyaml-1.26.jar;C:\Workspace\maven_repository\org\mongodb\mongodb-driver-sync\4.0.5\mongodb-driver-sync-4.0.5.jar;C:\Workspace\maven_repository\org\mongodb\bson\4.0.5\bson-4.0.5.jar;C:\Workspace\maven_repository\org\mongodb\mongodb-driver-core\4.0.5\mongodb-driver-core-4.0.5.jar;C:\Workspace\maven_repository\org\springframework\data\spring-data-mongodb\3.0.5.RELEASE\spring-data-mongodb-3.0.5.RELEASE.jar;C:\Workspace\maven_repository\org\springframework\spring-tx\5.2.10.RELEASE\spring-tx-5.2.10.RELEASE.jar;C:\Workspace\maven_repository\org\springframework\data\spring-data-commons\2.3.5.RELEASE\spring-data-commons-2.3.5.RELEASE.jar;C:\Workspace\maven_repository\org\springframework\boot\spring-boot-starter-web\2.3.5.RELEASE\spring-boot-starter-web-2.3.5.RELEASE.jar;C:\Workspace\maven_repository\org\springframework\boot\spring-boot-starter-json\2.3.5.RELEASE\spring-boot-starter-json-2.3.5.RELEASE.jar;C:\Workspace\maven_repository\com\fasterxml\jackson\datatype\jackson-datatype-jdk8\2.11.3\jackson-datatype-jdk8-2.11.3.jar;C:\Workspace\maven_repository\com\fasterxml\jackson\datatype\jackson-datatype-jsr310\2.11.3\jackson-datatype-jsr310-2.11.3.jar;C:\Workspace\maven_repository\com\fasterxml\jackson\module\jackson-module-parameter-names\2.11.3\jackson-module-parameter-names-2.11.3.jar;C:\Workspace\maven_repository\org\springframework\boot\spring-boot-starter-tomcat\2.3.5.RELEASE\spring-boot-starter-tomcat-2.3.5.RELEASE.jar;C:\Workspace\maven_repository\org\apache\tomcat\embed\tomcat-embed-core\9.0.39\tomcat-embed-core-9.0.39.jar;C:\Workspace\maven_repository\org\apache\tomcat\embed\tomcat-embed-websocket\9.0.39\tomcat-embed-websocket-9.0.39.jar;C:\Workspace\maven_repository\org\springframework\spring-web\5.2.10.RELEASE\spring-web-5.2.10.RELEASE.jar;C:\Workspace\maven_repository\org\springframework\spring-webmvc\5.2.10.RELEASE\spring-webmvc-5.2.10.RELEASE.jar;C:\Workspace\maven_repository\org\mapstruct\mapstruct\1.4.1.Final\mapstruct-1.4.1.Final.jar;C:\Workspace\maven_repository\org\projectlombok\lombok\1.18.16\lombok-1.18.16.jar;C:\Workspace\maven_repository\org\apache\httpcomponents\httpclient\4.5.13\httpclient-4.5.13.jar;C:\Workspace\maven_repository\org\apache\httpcomponents\httpcore\4.4.13\httpcore-4.4.13.jar;C:\Workspace\maven_repository\commons-codec\commons-codec\1.14\commons-codec-1.14.jar;C:\Workspace\maven_repository\org\springframework\boot\spring-boot-starter-test\2.3.5.RELEASE\spring-boot-starter-test-2.3.5.RELEASE.jar;C:\Workspace\maven_repository\org\springframework\boot\spring-boot-test\2.3.5.RELEASE\spring-boot-test-2.3.5.RELEASE.jar;C:\Workspace\maven_repository\org\springframework\boot\spring-boot-test-autoconfigure\2.3.5.RELEASE\spring-boot-test-autoconfigure-2.3.5.RELEASE.jar;C:\Workspace\maven_repository\com\jayway\jsonpath\json-path\2.4.0\json-path-2.4.0.jar;C:\Workspace\maven_repository\net\minidev\json-smart\2.3\json-smart-2.3.jar;C:\Workspace\maven_repository\net\minidev\accessors-smart\1.2\accessors-smart-1.2.jar;C:\Workspace\maven_repository\org\ow2\asm\asm\5.0.4\asm-5.0.4.jar;C:\Workspace\maven_repository\jakarta\xml\bind\jakarta.xml.bind-api\2.3.3\jakarta.xml.bind-api-2.3.3.jar;C:\Workspace\maven_repository\jakarta\activation\jakarta.activation-api\1.2.2\jakarta.activation-api-1.2.2.jar;C:\Workspace\maven_repository\org\assertj\assertj-core\3.16.1\assertj-core-3.16.1.jar;C:\Workspace\maven_repository\org\hamcrest\hamcrest\2.2\hamcrest-2.2.jar;C:\Workspace\maven_repository\org\junit\jupiter\junit-jupiter\5.6.3\junit-jupiter-5.6.3.jar;C:\Workspace\maven_repository\org\junit\jupiter\junit-jupiter-api\5.6.3\junit-jupiter-api-5.6.3.jar;C:\Workspace\maven_repository\org\apiguardian\apiguardian-api\1.1.0\apiguardian-api-1.1.0.jar;C:\Workspace\maven_repository\org\opentest4j\opentest4j\1.2.0\opentest4j-1.2.0.jar;C:\Workspace\maven_repository\org\junit\platform\junit-platform-commons\1.6.3\junit-platform-commons-1.6.3.jar;C:\Workspace\maven_repository\org\junit\jupiter\junit-jupiter-params\5.6.3\junit-jupiter-params-5.6.3.jar;C:\Workspace\maven_repository\org\junit\jupiter\junit-jupiter-engine\5.6.3\junit-jupiter-engine-5.6.3.jar;C:\Workspace\maven_repository\org\junit\platform\junit-platform-engine\1.6.3\junit-platform-engine-1.6.3.jar;C:\Workspace\maven_repository\org\mockito\mockito-core\3.3.3\mockito-core-3.3.3.jar;C:\Workspace\maven_repository\net\bytebuddy\byte-buddy\1.10.17\byte-buddy-1.10.17.jar;C:\Workspace\maven_repository\net\bytebuddy\byte-buddy-agent\1.10.17\byte-buddy-agent-1.10.17.jar;C:\Workspace\maven_repository\org\objenesis\objenesis\2.6\objenesis-2.6.jar;C:\Workspace\maven_repository\org\mockito\mockito-junit-jupiter\3.3.3\mockito-junit-jupiter-3.3.3.jar;C:\Workspace\maven_repository\org\skyscreamer\jsonassert\1.5.0\jsonassert-1.5.0.jar;C:\Workspace\maven_repository\com\vaadin\external\google\android-json\0.0.20131108.vaadin1\android-json-0.0.20131108.vaadin1.jar;C:\Workspace\maven_repository\org\springframework\spring-core\5.2.10.RELEASE\spring-core-5.2.10.RELEASE.jar;C:\Workspace\maven_repository\org\springframework\spring-jcl\5.2.10.RELEASE\spring-jcl-5.2.10.RELEASE.jar;C:\Workspace\maven_repository\org\springframework\spring-test\5.2.10.RELEASE\spring-test-5.2.10.RELEASE.jar;C:\Workspace\maven_repository\org\xmlunit\xmlunit-core\2.7.0\xmlunit-core-2.7.0.jar;C:\Workspace\maven_repository\org\json\json\20220924\json-20220924.jar;C:\Workspace\maven_repository\org\springframework\security\spring-security-core\5.7.3\spring-security-core-5.7.3.jar;C:\Workspace\maven_repository\org\springframework\security\spring-security-crypto\5.3.5.RELEASE\spring-security-crypto-5.3.5.RELEASE.jar;C:\Workspace\maven_repository\org\springframework\spring-aop\5.2.10.RELEASE\spring-aop-5.2.10.RELEASE.jar;C:\Workspace\maven_repository\org\springframework\spring-beans\5.2.10.RELEASE\spring-beans-5.2.10.RELEASE.jar;C:\Workspace\maven_repository\org\springframework\spring-context\5.2.10.RELEASE\spring-context-5.2.10.RELEASE.jar;C:\Workspace\maven_repository\org\springframework\spring-expression\5.2.10.RELEASE\spring-expression-5.2.10.RELEASE.jar;C:\Workspace\maven_repository\com\github\javafaker\javafaker\1.0.2\javafaker-1.0.2.jar;C:\Workspace\maven_repository\org\yaml\snakeyaml\1.23\snakeyaml-1.23-android.jar;C:\Workspace\maven_repository\com\github\mifmif\generex\1.0.2\generex-1.0.2.jar;C:\Workspace\maven_repository\dk\brics\automaton\automaton\1.11-8\automaton-1.11-8.jar;C:\Workspace\maven_repository\javax\validation\validation-api\2.0.1.Final\validation-api-2.0.1.Final.jar;C:\Workspace\maven_repository\org\hibernate\validator\hibernate-validator\6.0.10.Final\hibernate-validator-6.0.10.Final.jar;C:\Workspace\maven_repository\org\jboss\logging\jboss-logging\3.4.1.Final\jboss-logging-3.4.1.Final.jar;C:\Workspace\maven_repository\com\fasterxml\classmate\1.5.1\classmate-1.5.1.jar;C:\Workspace\maven_repository\org\springframework\boot\spring-boot-starter-validation\2.3.5.RELEASE\spring-boot-starter-validation-2.3.5.RELEASE.jar;C:\Workspace\maven_repository\org\glassfish\jakarta.el\3.0.3\jakarta.el-3.0.3.jar;C:\Workspace\maven_repository\org\apache\commons\commons-lang3\3.12.0\commons-lang3-3.12.0.jar;C:\Workspace\maven_repository\io\springfox\springfox-swagger2\2.7.0\springfox-swagger2-2.7.0.jar;C:\Workspace\maven_repository\io\swagger\swagger-annotations\1.5.13\swagger-annotations-1.5.13.jar;C:\Workspace\maven_repository\io\swagger\swagger-models\1.5.13\swagger-models-1.5.13.jar;C:\Workspace\maven_repository\io\springfox\springfox-spi\2.7.0\springfox-spi-2.7.0.jar;C:\Workspace\maven_repository\io\springfox\springfox-core\2.7.0\springfox-core-2.7.0.jar;C:\Workspace\maven_repository\io\springfox\springfox-schema\2.7.0\springfox-schema-2.7.0.jar;C:\Workspace\maven_repository\io\springfox\springfox-swagger-common\2.7.0\springfox-swagger-common-2.7.0.jar;C:\Workspace\maven_repository\io\springfox\springfox-spring-web\2.7.0\springfox-spring-web-2.7.0.jar;C:\Workspace\maven_repository\org\reflections\reflections\0.9.11\reflections-0.9.11.jar;C:\Workspace\maven_repository\org\javassist\javassist\3.21.0-GA\javassist-3.21.0-GA.jar;C:\Workspace\maven_repository\com\google\guava\guava\18.0\guava-18.0.jar;C:\Workspace\maven_repository\org\slf4j\slf4j-api\1.7.30\slf4j-api-1.7.30.jar;C:\Workspace\maven_repository\org\springframework\plugin\spring-plugin-core\1.2.0.RELEASE\spring-plugin-core-1.2.0.RELEASE.jar;C:\Workspace\maven_repository\org\springframework\plugin\spring-plugin-metadata\1.2.0.RELEASE\spring-plugin-metadata-1.2.0.RELEASE.jar;C:\Workspace\maven_repository\io\springfox\springfox-swagger-ui\2.7.0\springfox-swagger-ui-2.7.0.jar;C:\Workspace\maven_repository\jakarta\persistence\jakarta.persistence-api\3.1.0\jakarta.persistence-api-3.1.0.jar;C:\Workspace\maven_repository\com\auth0\java-jwt\4.2.1\java-jwt-4.2.1.jar;C:\Workspace\maven_repository\org\springframework\boot\spring-boot-starter-security\2.3.5.RELEASE\spring-boot-starter-security-2.3.5.RELEASE.jar;C:\Workspace\maven_repository\org\springframework\security\spring-security-config\5.3.5.RELEASE\spring-security-config-5.3.5.RELEASE.jar;C:\Workspace\maven_repository\org\springframework\security\spring-security-web\5.3.5.RELEASE\spring-security-web-5.3.5.RELEASE.jar;C:\Workspace\maven_repository\org\apache\poi\poi-ooxml\4.1.2\poi-ooxml-4.1.2.jar;C:\Workspace\maven_repository\org\apache\poi\poi\4.1.2\poi-4.1.2.jar;C:\Workspace\maven_repository\org\apache\commons\commons-collections4\4.4\commons-collections4-4.4.jar;C:\Workspace\maven_repository\org\apache\commons\commons-math3\3.6.1\commons-math3-3.6.1.jar;C:\Workspace\maven_repository\com\zaxxer\SparseBitSet\1.2\SparseBitSet-1.2.jar;C:\Workspace\maven_repository\org\apache\poi\poi-ooxml-schemas\4.1.2\poi-ooxml-schemas-4.1.2.jar;C:\Workspace\maven_repository\org\apache\xmlbeans\xmlbeans\3.1.0\xmlbeans-3.1.0.jar;C:\Workspace\maven_repository\org\apache\commons\commons-compress\1.19\commons-compress-1.19.jar;C:\Workspace\maven_repository\com\github\virtuald\curvesapi\1.06\curvesapi-1.06.jar;C:\Workspace\maven_repository\com\fasterxml\jackson\core\jackson-databind\2.11.1\jackson-databind-2.11.1.jar;C:\Workspace\maven_repository\com\fasterxml\jackson\core\jackson-annotations\2.11.3\jackson-annotations-2.11.3.jar;C:\Workspace\maven_repository\com\fasterxml\jackson\core\jackson-core\2.11.3\jackson-core-2.11.3.jar;"/>
    <property name="sun.cpu.endian" value="little"/>
    <property name="user.home" value="C:\Users\IRIS"/>
    <property name="user.language" value="fr"/>
    <property name="java.specification.vendor" value="Oracle Corporation"/>
    <property name="java.version.date" value="2021-07-20"/>
    <property name="java.home" value="C:\Program Files\Java\jdk-11.0.12"/>
    <property name="file.separator" value="\"/>
    <property name="basedir" value="C:\Gitlab-webapplication\housstock-backend"/>
    <property name="java.vm.compressedOopsMode" value="Zero based"/>
    <property name="line.separator" value="&#10;"/>
    <property name="java.specification.name" value="Java Platform API Specification"/>
    <property name="java.vm.specification.vendor" value="Oracle Corporation"/>
    <property name="java.awt.graphicsenv" value="sun.awt.Win32GraphicsEnvironment"/>
    <property name="surefire.real.class.path" value="C:\Users\IRIS\AppData\Local\Temp\surefire6189450203269570599\surefirebooter13216382805565583343.jar"/>
    <property name="user.script" value=""/>
    <property name="sun.management.compiler" value="HotSpot 64-Bit Tiered Compilers"/>
    <property name="java.runtime.version" value="11.0.12+8-LTS-237"/>
    <property name="user.name" value="IRIS"/>
    <property name="path.separator" value=";"/>
    <property name="os.version" value="10.0"/>
    <property name="java.runtime.name" value="Java(TM) SE Runtime Environment"/>
    <property name="file.encoding" value="Cp1252"/>
    <property name="java.vm.name" value="Java HotSpot(TM) 64-Bit Server VM"/>
    <property name="java.vendor.version" value="18.9"/>
    <property name="localRepository" value="C:\Workspace\maven_repository"/>
    <property name="java.vendor.url.bug" value="https://bugreport.java.com/bugreport/"/>
    <property name="java.io.tmpdir" value="C:\Users\IRIS\AppData\Local\Temp\"/>
    <property name="java.version" value="11.0.12"/>
    <property name="user.dir" value="C:\Gitlab-webapplication\housstock-backend"/>
    <property name="os.arch" value="amd64"/>
    <property name="java.vm.specification.name" value="Java Virtual Machine Specification"/>
    <property name="java.awt.printerjob" value="sun.awt.windows.WPrinterJob"/>
    <property name="sun.os.patch.level" value=""/>
    <property name="java.library.path" value="C:\Program Files\Java\jdk-11.0.12\bin;C:\Windows\Sun\Java\bin;C:\Windows\system32;C:\Windows;C:/Program Files/Java/jdk-11.0.12/bin/server;C:/Program Files/Java/jdk-11.0.12/bin;C:\Program Files\Common Files\Oracle\Java\javapath;C:\Windows\system32;C:\Windows;C:\Windows\System32\Wbem;C:\Windows\System32\WindowsPowerShell\v1.0\;C:\Windows\System32\OpenSSH\;C:\Program Files (x86)\Windows Kits\8.1\Windows Performance Toolkit\;C:\Program Files\Microsoft SQL Server\110\Tools\Binn\;C:\Program Files\Java\jdk-11.0.12\bin;C:\Program Files\nodejs\;C:\Program Files\Git\cmd;C:\Workspace\apache-maven-3.8.3\bin;C:\Program Files\dotnet\;C:\HashiCorp\Vagrant\bin;C:\Program Files\MySQL\MySQL Shell 8.0\bin\;C:\Users\IRIS\AppData\Local\Microsoft\WindowsApps;C:\Users\IRIS\AppData\Local\Programs\Microsoft VS Code\bin;C:\Users\IRIS\AppData\Roaming\npm;C:\Users\IRIS\AppData\Local\GitHubDesktop\bin;C:\Program Files\JetBrains\IntelliJ IDEA 2021.2.2\bin;;C:\Users\IRIS\eclipse\java-2020-12\eclipse;;."/>
    <property name="java.vendor" value="Oracle Corporation"/>
    <property name="java.vm.info" value="mixed mode"/>
    <property name="java.vm.version" value="11.0.12+8-LTS-237"/>
    <property name="sun.io.unicode.encoding" value="UnicodeLittle"/>
    <property name="java.class.version" value="55.0"/>
  </properties>
  <testcase name="contextLoads" classname="com.housservice.housstock.HousstockApplicationTests" time="0.344"/>
</testsuite>